[0.290s] Invoking command in '/home/lyo/Documents/projects/atividade-semana-3/ros2_ws/build/my_turtle_controller': PYTHONPATH=/home/lyo/Documents/projects/atividade-semana-3/ros2_ws/build/my_turtle_controller/prefix_override:/home/lyo/Documents/projects/atividade-semana-3/ros2_ws/install/my_turtle_controller/lib/python3.10/site-packages:${PYTHONPATH} /usr/bin/python3 setup.py develop --editable --build-directory /home/lyo/Documents/projects/atividade-semana-3/ros2_ws/build/my_turtle_controller/build --no-deps install_data
[0.408s] running develop
[0.408s] /usr/lib/python3/dist-packages/setuptools/command/easy_install.py:158: EasyInstallDeprecationWarning: easy_install command is deprecated. Use build and pip and other standards-based tools.
[0.408s]   warnings.warn(
[0.409s] /usr/lib/python3/dist-packages/setuptools/command/install.py:34: SetuptoolsDeprecationWarning: setup.py install is deprecated. Use build and pip and other standards-based tools.
[0.409s]   warnings.warn(
[0.433s] /usr/lib/python3/dist-packages/pkg_resources/__init__.py:116: PkgResourcesDeprecationWarning: 1.16.0-unknown is an invalid version and will not be supported in a future release
[0.433s]   warnings.warn(
[0.433s] /usr/lib/python3/dist-packages/pkg_resources/__init__.py:116: PkgResourcesDeprecationWarning: 0.1.43ubuntu1 is an invalid version and will not be supported in a future release
[0.433s]   warnings.warn(
[0.433s] /usr/lib/python3/dist-packages/pkg_resources/__init__.py:116: PkgResourcesDeprecationWarning: 1.1build1 is an invalid version and will not be supported in a future release
[0.433s]   warnings.warn(
[0.472s] running egg_info
[0.472s] writing my_turtle_controller.egg-info/PKG-INFO
[0.472s] writing dependency_links to my_turtle_controller.egg-info/dependency_links.txt
[0.472s] writing entry points to my_turtle_controller.egg-info/entry_points.txt
[0.473s] writing requirements to my_turtle_controller.egg-info/requires.txt
[0.473s] writing top-level names to my_turtle_controller.egg-info/top_level.txt
[0.473s] reading manifest file 'my_turtle_controller.egg-info/SOURCES.txt'
[0.474s] writing manifest file 'my_turtle_controller.egg-info/SOURCES.txt'
[0.475s] running build_ext
[0.475s] Creating /home/lyo/Documents/projects/atividade-semana-3/ros2_ws/install/my_turtle_controller/lib/python3.10/site-packages/my-turtle-controller.egg-link (link to .)
[0.475s] Installing turtle_movement_node script to /home/lyo/Documents/projects/atividade-semana-3/ros2_ws/install/my_turtle_controller/lib/my_turtle_controller
[0.476s] 
[0.476s] Installed /home/lyo/Documents/projects/atividade-semana-3/ros2_ws/build/my_turtle_controller
[0.476s] running install_data
[0.490s] Invoked command in '/home/lyo/Documents/projects/atividade-semana-3/ros2_ws/build/my_turtle_controller' returned '0': PYTHONPATH=/home/lyo/Documents/projects/atividade-semana-3/ros2_ws/build/my_turtle_controller/prefix_override:/home/lyo/Documents/projects/atividade-semana-3/ros2_ws/install/my_turtle_controller/lib/python3.10/site-packages:${PYTHONPATH} /usr/bin/python3 setup.py develop --editable --build-directory /home/lyo/Documents/projects/atividade-semana-3/ros2_ws/build/my_turtle_controller/build --no-deps install_data
